<?xml version="1.0" encoding="UTF-8"?>
<testsuite xmlns:xsi="http://www.w3.org/2001/XMLSchema-instance" xsi:noNamespaceSchemaLocation="https://maven.apache.org/surefire/maven-surefire-plugin/xsd/surefire-test-report-3.0.xsd" version="3.0" name="com.mycompany.mywebapp.UserRepositoryTest" time="5.534" tests="1" errors="0" skipped="0" failures="0">
  <properties>
[...]
</properties>
  <testcase name="testAddNew" classname="com.mycompany.mywebapp.UserRepositoryTest" time="0.753">
    <system-out><![CDATA[05:44:58.862 [main] INFO org.springframework.test.context.support.AnnotationConfigContextLoaderUtils -- Could not detect default configuration classes for test class [com.mycompany.mywebapp.UserRepositoryTest]: UserRepositoryTest does not declare any static, non-private, non-final, nested classes annotated with @Configuration.
05:44:59.051 [main] INFO org.springframework.boot.test.context.SpringBootTestContextBootstrapper -- Found @SpringBootConfiguration com.mycompany.mywebapp.MywebappApplication for test class com.mycompany.mywebapp.UserRepositoryTest
05:44:59.175 [main] INFO org.springframework.boot.devtools.restart.RestartApplicationListener -- Restart disabled due to context in which it is running

  .   ____          _            __ _ _
 /\\ / ___'_ __ _ _(_)_ __  __ _ \ \ \ \
( ( )\___ | '_ | '_| | '_ \/ _` | \ \ \ \
 \\/  ___)| |_)| | | | | || (_| |  ) ) ) )
  '  |____| .__|_| |_|_| |_\__, | / / / /
 =========|_|==============|___/=/_/_/_/
 :: Spring Boot ::                (v3.2.2)

2024-02-05T05:44:59.560+01:00  INFO 19336 --- [           main] c.mycompany.mywebapp.UserRepositoryTest  : Starting UserRepositoryTest using Java 17.0.8.1 with PID 19336 (started by TAPANDE in c:\Users\TAPANDE\Documents\DEVELOPPEMENT_LOGICIEL\JAVA\Thymeleaf\projet1\mywebapp)
2024-02-05T05:44:59.561+01:00  INFO 19336 --- [           main] c.mycompany.mywebapp.UserRepositoryTest  : No active profile set, falling back to 1 default profile: "default"
2024-02-05T05:45:00.104+01:00  INFO 19336 --- [           main] .s.d.r.c.RepositoryConfigurationDelegate : Bootstrapping Spring Data JPA repositories in DEFAULT mode.
2024-02-05T05:45:00.198+01:00  INFO 19336 --- [           main] .s.d.r.c.RepositoryConfigurationDelegate : Finished Spring Data repository scanning in 80 ms. Found 1 JPA repository interface.
2024-02-05T05:45:00.647+01:00  INFO 19336 --- [           main] o.hibernate.jpa.internal.util.LogHelper  : HHH000204: Processing PersistenceUnitInfo [name: default]
2024-02-05T05:45:00.837+01:00  INFO 19336 --- [           main] org.hibernate.Version                    : HHH000412: Hibernate ORM core version 6.4.1.Final
2024-02-05T05:45:00.922+01:00  INFO 19336 --- [           main] o.h.c.internal.RegionFactoryInitiator    : HHH000026: Second-level cache disabled
2024-02-05T05:45:01.414+01:00  INFO 19336 --- [           main] o.s.o.j.p.SpringPersistenceUnitInfo      : No LoadTimeWeaver setup: ignoring JPA class transformer
2024-02-05T05:45:01.481+01:00  INFO 19336 --- [           main] com.zaxxer.hikari.HikariDataSource       : HikariPool-1 - Starting...
2024-02-05T05:45:01.691+01:00  INFO 19336 --- [           main] com.zaxxer.hikari.pool.HikariPool        : HikariPool-1 - Added connection org.mariadb.jdbc.Connection@52abed9d
2024-02-05T05:45:01.694+01:00  INFO 19336 --- [           main] com.zaxxer.hikari.HikariDataSource       : HikariPool-1 - Start completed.
2024-02-05T05:45:02.779+01:00  INFO 19336 --- [           main] o.h.e.t.j.p.i.JtaPlatformInitiator       : HHH000489: No JTA platform available (set 'hibernate.transaction.jta.platform' to enable JTA platform integration)
Hibernate: drop table if exists users
Hibernate: create table users (enabled bit not null, id integer not null auto_increment, password varchar(15) not null, email varchar(45) not null, fist_name varchar(45) not null, last_name varchar(45) not null, primary key (id)) engine=InnoDB
Hibernate: alter table if exists users add constraint UK_6dotkott2kjsp8vw4d0m25fb7 unique (email)
2024-02-05T05:45:02.852+01:00  INFO 19336 --- [           main] j.LocalContainerEntityManagerFactoryBean : Initialized JPA EntityManagerFactory for persistence unit 'default'
2024-02-05T05:45:03.431+01:00  INFO 19336 --- [           main] c.mycompany.mywebapp.UserRepositoryTest  : Started UserRepositoryTest in 4.27 seconds (process running for 5.409)
Hibernate: insert into users (email,enabled,fist_name,last_name,password) values (?,?,?,?,?)
]]></system-out>
  </testcase>
</testsuite>